  [1m[36m (2.2ms)[0m  [1mCREATE TABLE "schema_migrations" ("version" varchar NOT NULL) [0m
  [1m[35m (0.1ms)[0m  select sqlite_version(*)
  [1m[36m (1.3ms)[0m  [1mCREATE UNIQUE INDEX "unique_schema_migrations" ON "schema_migrations" ("version")[0m
  [1m[35mActiveRecord::SchemaMigration Load (0.3ms)[0m  SELECT "schema_migrations".* FROM "schema_migrations"
Migrating to CreateTeachers (20160825190809)
  [1m[36m (0.1ms)[0m  [1mbegin transaction[0m
  [1m[35m (0.8ms)[0m  CREATE TABLE "teachers" ("id" INTEGER PRIMARY KEY AUTOINCREMENT NOT NULL, "first_name" varchar NOT NULL, "last_name" varchar NOT NULL, "username" varchar NOT NULL, "email" varchar NOT NULL, "password_digest" varchar NOT NULL, "photo_path" varchar, "phone_number" varchar, "created_at" datetime NOT NULL, "updated_at" datetime NOT NULL) 
  [1m[36mSQL (0.4ms)[0m  [1mINSERT INTO "schema_migrations" ("version") VALUES (?)[0m  [["version", "20160825190809"]]
  [1m[35m (8.4ms)[0m  commit transaction
Migrating to CreateClassrooms (20160825190900)
  [1m[36m (0.2ms)[0m  [1mbegin transaction[0m
  [1m[35m (0.7ms)[0m  CREATE TABLE "classrooms" ("id" INTEGER PRIMARY KEY AUTOINCREMENT NOT NULL, "name" varchar NOT NULL, "schoolyear" varchar NOT NULL, "docdrive_url" varchar, "created_at" datetime NOT NULL, "updated_at" datetime NOT NULL) 
  [1m[36mSQL (0.2ms)[0m  [1mINSERT INTO "schema_migrations" ("version") VALUES (?)[0m  [["version", "20160825190900"]]
  [1m[35m (1.2ms)[0m  commit transaction
Migrating to CreateStudents (20160825190908)
  [1m[36m (0.1ms)[0m  [1mbegin transaction[0m
  [1m[35m (0.1ms)[0m  rollback transaction
  [1m[36mActiveRecord::SchemaMigration Load (0.1ms)[0m  [1mSELECT "schema_migrations".* FROM "schema_migrations"[0m
Migrating to CreateStudents (20160825190908)
  [1m[35m (0.1ms)[0m  begin transaction
  [1m[36m (0.9ms)[0m  [1mCREATE TABLE "students" ("id" INTEGER PRIMARY KEY AUTOINCREMENT NOT NULL, "first_name" varchar NOT NULL, "last_name" varchar NOT NULL, "birthday" date, "classroom_id" integer, "created_at" datetime NOT NULL, "updated_at" datetime NOT NULL) [0m
  [1m[35mSQL (0.3ms)[0m  INSERT INTO "schema_migrations" ("version") VALUES (?)  [["version", "20160825190908"]]
  [1m[36m (2.4ms)[0m  [1mcommit transaction[0m
Migrating to CreateSubjects (20160825190916)
  [1m[35m (0.1ms)[0m  begin transaction
  [1m[36m (4.9ms)[0m  [1mCREATE TABLE "subjects" ("id" INTEGER PRIMARY KEY AUTOINCREMENT NOT NULL, "name" varchar NOT NULL, "created_at" datetime NOT NULL, "updated_at" datetime NOT NULL) [0m
  [1m[35mSQL (0.2ms)[0m  INSERT INTO "schema_migrations" ("version") VALUES (?)  [["version", "20160825190916"]]
  [1m[36m (2.6ms)[0m  [1mcommit transaction[0m
Migrating to CreateComponents (20160825190924)
  [1m[35m (0.1ms)[0m  begin transaction
  [1m[36m (0.6ms)[0m  [1mCREATE TABLE "components" ("id" INTEGER PRIMARY KEY AUTOINCREMENT NOT NULL, "name" varchar NOT NULL, "subject_id" integer NOT NULL, "student_id" integer NOT NULL, "checked" boolean DEFAULT 'f', "created_at" datetime NOT NULL, "updated_at" datetime NOT NULL) [0m
  [1m[35mSQL (0.2ms)[0m  INSERT INTO "schema_migrations" ("version") VALUES (?)  [["version", "20160825190924"]]
  [1m[36m (4.0ms)[0m  [1mcommit transaction[0m
Migrating to CreateMessages (20160825190932)
  [1m[35m (0.1ms)[0m  begin transaction
  [1m[36m (3.4ms)[0m  [1mCREATE TABLE "messages" ("id" INTEGER PRIMARY KEY AUTOINCREMENT NOT NULL, "text" varchar NOT NULL, "photo_path" varchar, "messager_id" integer NOT NULL, "created_at" datetime NOT NULL, "updated_at" datetime NOT NULL) [0m
  [1m[35mSQL (0.2ms)[0m  INSERT INTO "schema_migrations" ("version") VALUES (?)  [["version", "20160825190932"]]
  [1m[36m (1.8ms)[0m  [1mcommit transaction[0m
Migrating to CreateNotes (20160825190941)
  [1m[35m (0.1ms)[0m  begin transaction
  [1m[36m (0.6ms)[0m  [1mCREATE TABLE "notes" ("id" INTEGER PRIMARY KEY AUTOINCREMENT NOT NULL, "text" varchar NOT NULL, "student_id" integer NOT NULL, "noter_id" integer NOT NULL, "created_at" datetime NOT NULL, "updated_at" datetime NOT NULL) [0m
  [1m[35mSQL (0.2ms)[0m  INSERT INTO "schema_migrations" ("version") VALUES (?)  [["version", "20160825190941"]]
  [1m[36m (7.9ms)[0m  [1mcommit transaction[0m
Migrating to CreateTeachersClassrooms (20160825191918)
  [1m[36mActiveRecord::SchemaMigration Load (0.2ms)[0m  [1mSELECT "schema_migrations".* FROM "schema_migrations"[0m
Migrating to CreateTeachersClassrooms (20160825191918)
  [1m[35m (0.1ms)[0m  begin transaction
  [1m[36m (0.8ms)[0m  [1mCREATE TABLE "teachers_classrooms" ("id" INTEGER PRIMARY KEY AUTOINCREMENT NOT NULL, "teacher_id" integer, "classroom_id" integer) [0m
  [1m[35mSQL (0.3ms)[0m  INSERT INTO "schema_migrations" ("version") VALUES (?)  [["version", "20160825191918"]]
  [1m[36m (2.2ms)[0m  [1mcommit transaction[0m
Migrating to CreateSpecialNeeds (20160825193240)
  [1m[35m (0.1ms)[0m  begin transaction
  [1m[36m (0.6ms)[0m  [1mCREATE TABLE "special_needs" ("id" INTEGER PRIMARY KEY AUTOINCREMENT NOT NULL, "name" text NOT NULL, "created_at" datetime NOT NULL, "updated_at" datetime NOT NULL) [0m
  [1m[35mSQL (0.2ms)[0m  INSERT INTO "schema_migrations" ("version") VALUES (?)  [["version", "20160825193240"]]
  [1m[36m (2.0ms)[0m  [1mcommit transaction[0m
Migrating to CreateStudentsSpecialNeeds (20160825193435)
  [1m[36mActiveRecord::SchemaMigration Load (0.1ms)[0m  [1mSELECT "schema_migrations".* FROM "schema_migrations"[0m
Migrating to CreateStudentsSpecialNeeds (20160825193435)
  [1m[35m (0.1ms)[0m  begin transaction
  [1m[36m (0.7ms)[0m  [1mCREATE TABLE "students_special_needs" ("id" INTEGER PRIMARY KEY AUTOINCREMENT NOT NULL, "student_id" integer, "special_needs_id" integer) [0m
  [1m[35mSQL (0.3ms)[0m  INSERT INTO "schema_migrations" ("version") VALUES (?)  [["version", "20160825193435"]]
  [1m[36m (1.5ms)[0m  [1mcommit transaction[0m
  [1m[35mActiveRecord::SchemaMigration Load (0.2ms)[0m  SELECT "schema_migrations".* FROM "schema_migrations"
  [1m[36mTeacher Load (38.5ms)[0m  [1mSELECT "teachers".* FROM "teachers"[0m
  [1m[35m (0.3ms)[0m  begin transaction
  [1m[36m (0.1ms)[0m  [1mrollback transaction[0m
  [1m[35m (0.1ms)[0m  begin transaction
  [1m[36m (0.1ms)[0m  [1mrollback transaction[0m
  [1m[35m (0.2ms)[0m  begin transaction
  [1m[36m (0.1ms)[0m  [1mrollback transaction[0m
  [1m[35m (0.1ms)[0m  begin transaction
  [1m[36mSQL (40.2ms)[0m  [1mINSERT INTO "teachers" ("first_name", "last_name", "username", "email", "password_digest", "phone_number", "created_at", "updated_at") VALUES (?, ?, ?, ?, ?, ?, ?, ?)[0m  [["first_name", "Teacher"], ["last_name", "1"], ["username", "teacher1"], ["email", "teacher1@email.com"], ["password_digest", "$2a$10$jZtDnnCdxKqlNJujF5FTzOLnwFBoa7BVSGYXACUKR4tHgstQNXFq6"], ["phone_number", "555-555-5555"], ["created_at", "2016-08-28 16:50:53.352961"], ["updated_at", "2016-08-28 16:50:53.352961"]]
  [1m[35m (2.2ms)[0m  commit transaction
  [1m[36m (0.1ms)[0m  [1mbegin transaction[0m
  [1m[35mSQL (0.5ms)[0m  INSERT INTO "classrooms" ("name", "schoolyear", "created_at", "updated_at") VALUES (?, ?, ?, ?)  [["name", "classroom1"], ["schoolyear", "2016-2017"], ["created_at", "2016-08-28 16:54:01.247566"], ["updated_at", "2016-08-28 16:54:01.247566"]]
  [1m[36m (2.9ms)[0m  [1mcommit transaction[0m
  [1m[35mClassroom Load (0.3ms)[0m  SELECT "classrooms".* FROM "classrooms"
  [1m[36mStudent Load (0.4ms)[0m  [1mSELECT "students".* FROM "students" WHERE "students"."classroom_id" = ?[0m  [["classroom_id", 1]]
  [1m[35m (0.1ms)[0m  begin transaction
  [1m[36mSQL (0.5ms)[0m  [1mINSERT INTO "students" ("first_name", "last_name", "classroom_id", "created_at", "updated_at") VALUES (?, ?, ?, ?, ?)[0m  [["first_name", "student"], ["last_name", "1"], ["classroom_id", 1], ["created_at", "2016-08-28 16:55:54.761032"], ["updated_at", "2016-08-28 16:55:54.761032"]]
  [1m[35m (4.8ms)[0m  commit transaction
  [1m[36mClassroom Load (0.3ms)[0m  [1mSELECT  "classrooms".* FROM "classrooms" WHERE "classrooms"."id" = ? LIMIT 1[0m  [["id", 1]]
  [1m[35m (0.1ms)[0m  begin transaction
  [1m[36m (0.1ms)[0m  [1mcommit transaction[0m
  [1m[35mSpecialNeed Load (0.9ms)[0m  SELECT "special_needs".* FROM "special_needs" WHERE "special_needs"."student_id" = ?  [[nil, 1]]
  [1m[36mSpecialNeed Load (1.1ms)[0m  [1mSELECT "special_needs".* FROM "special_needs" WHERE "special_needs"."student_id" = ?[0m  [[nil, 1]]
  [1m[36m (1.6ms)[0m  [1mCREATE TABLE "schema_migrations" ("version" varchar NOT NULL) [0m
  [1m[35m (0.1ms)[0m  select sqlite_version(*)
  [1m[36m (5.6ms)[0m  [1mCREATE UNIQUE INDEX "unique_schema_migrations" ON "schema_migrations" ("version")[0m
  [1m[35mActiveRecord::SchemaMigration Load (0.2ms)[0m  SELECT "schema_migrations".* FROM "schema_migrations"
Migrating to CreateTeachers (20160825190809)
  [1m[36m (0.1ms)[0m  [1mbegin transaction[0m
  [1m[35m (0.7ms)[0m  CREATE TABLE "teachers" ("id" INTEGER PRIMARY KEY AUTOINCREMENT NOT NULL, "first_name" varchar NOT NULL, "last_name" varchar NOT NULL, "username" varchar NOT NULL, "email" varchar NOT NULL, "password_digest" varchar NOT NULL, "photo_path" varchar, "phone_number" varchar NOT NULL, "created_at" datetime NOT NULL, "updated_at" datetime NOT NULL) 
  [1m[36mSQL (0.2ms)[0m  [1mINSERT INTO "schema_migrations" ("version") VALUES (?)[0m  [["version", "20160825190809"]]
  [1m[35m (1.7ms)[0m  commit transaction
Migrating to CreateClassrooms (20160825190900)
  [1m[36m (0.1ms)[0m  [1mbegin transaction[0m
  [1m[35m (0.5ms)[0m  CREATE TABLE "classrooms" ("id" INTEGER PRIMARY KEY AUTOINCREMENT NOT NULL, "name" varchar NOT NULL, "schoolyear" varchar NOT NULL, "docdrive_url" varchar, "created_at" datetime NOT NULL, "updated_at" datetime NOT NULL) 
  [1m[36mSQL (0.2ms)[0m  [1mINSERT INTO "schema_migrations" ("version") VALUES (?)[0m  [["version", "20160825190900"]]
  [1m[35m (1.8ms)[0m  commit transaction
Migrating to CreateStudents (20160825190908)
  [1m[36m (0.1ms)[0m  [1mbegin transaction[0m
  [1m[35m (0.7ms)[0m  CREATE TABLE "students" ("id" INTEGER PRIMARY KEY AUTOINCREMENT NOT NULL, "first_name" varchar NOT NULL, "last_name" varchar NOT NULL, "birthday" date, "classroom_id" integer, "created_at" datetime NOT NULL, "updated_at" datetime NOT NULL) 
  [1m[36mSQL (0.2ms)[0m  [1mINSERT INTO "schema_migrations" ("version") VALUES (?)[0m  [["version", "20160825190908"]]
  [1m[35m (6.5ms)[0m  commit transaction
Migrating to CreateSubjects (20160825190916)
  [1m[36m (0.1ms)[0m  [1mbegin transaction[0m
  [1m[35m (1.2ms)[0m  CREATE TABLE "subjects" ("id" INTEGER PRIMARY KEY AUTOINCREMENT NOT NULL, "name" varchar NOT NULL, "created_at" datetime NOT NULL, "updated_at" datetime NOT NULL) 
  [1m[36mSQL (0.3ms)[0m  [1mINSERT INTO "schema_migrations" ("version") VALUES (?)[0m  [["version", "20160825190916"]]
  [1m[35m (1.8ms)[0m  commit transaction
Migrating to CreateComponents (20160825190924)
  [1m[36m (0.1ms)[0m  [1mbegin transaction[0m
  [1m[35m (0.7ms)[0m  CREATE TABLE "components" ("id" INTEGER PRIMARY KEY AUTOINCREMENT NOT NULL, "name" varchar NOT NULL, "subject_id" integer NOT NULL, "student_id" integer NOT NULL, "checked" boolean DEFAULT 'f', "created_at" datetime NOT NULL, "updated_at" datetime NOT NULL) 
  [1m[36mSQL (0.3ms)[0m  [1mINSERT INTO "schema_migrations" ("version") VALUES (?)[0m  [["version", "20160825190924"]]
  [1m[35m (1.8ms)[0m  commit transaction
Migrating to CreateMessages (20160825190932)
  [1m[36m (0.2ms)[0m  [1mbegin transaction[0m
  [1m[35m (4.3ms)[0m  CREATE TABLE "messages" ("id" INTEGER PRIMARY KEY AUTOINCREMENT NOT NULL, "text" varchar NOT NULL, "photo_path" varchar, "messager_id" integer NOT NULL, "created_at" datetime NOT NULL, "updated_at" datetime NOT NULL) 
  [1m[36mSQL (0.2ms)[0m  [1mINSERT INTO "schema_migrations" ("version") VALUES (?)[0m  [["version", "20160825190932"]]
  [1m[35m (2.0ms)[0m  commit transaction
Migrating to CreateNotes (20160825190941)
  [1m[36m (0.2ms)[0m  [1mbegin transaction[0m
  [1m[35m (0.6ms)[0m  CREATE TABLE "notes" ("id" INTEGER PRIMARY KEY AUTOINCREMENT NOT NULL, "text" varchar NOT NULL, "student_id" integer NOT NULL, "noter_id" integer NOT NULL, "created_at" datetime NOT NULL, "updated_at" datetime NOT NULL) 
  [1m[36mSQL (0.2ms)[0m  [1mINSERT INTO "schema_migrations" ("version") VALUES (?)[0m  [["version", "20160825190941"]]
  [1m[35m (2.9ms)[0m  commit transaction
Migrating to CreateClassroomsTeachers (20160825191918)
  [1m[36m (0.9ms)[0m  [1mbegin transaction[0m
  [1m[35m (0.5ms)[0m  CREATE TABLE "classrooms_teachers" ("id" INTEGER PRIMARY KEY AUTOINCREMENT NOT NULL, "teacher_id" integer, "classroom_id" integer) 
  [1m[36mSQL (0.2ms)[0m  [1mINSERT INTO "schema_migrations" ("version") VALUES (?)[0m  [["version", "20160825191918"]]
  [1m[35m (16.3ms)[0m  commit transaction
Migrating to CreateSpecialNeeds (20160825193240)
  [1m[36m (0.1ms)[0m  [1mbegin transaction[0m
  [1m[35m (4.8ms)[0m  CREATE TABLE "special_needs" ("id" INTEGER PRIMARY KEY AUTOINCREMENT NOT NULL, "name" text NOT NULL, "created_at" datetime NOT NULL, "updated_at" datetime NOT NULL) 
  [1m[36mSQL (0.2ms)[0m  [1mINSERT INTO "schema_migrations" ("version") VALUES (?)[0m  [["version", "20160825193240"]]
  [1m[35m (15.6ms)[0m  commit transaction
Migrating to CreateStudentsSpecialNeeds (20160825193435)
  [1m[36m (0.1ms)[0m  [1mbegin transaction[0m
  [1m[35m (4.6ms)[0m  CREATE TABLE "students_special_needs" ("id" INTEGER PRIMARY KEY AUTOINCREMENT NOT NULL, "student_id" integer, "special_needs_id" integer) 
  [1m[36mSQL (0.2ms)[0m  [1mINSERT INTO "schema_migrations" ("version") VALUES (?)[0m  [["version", "20160825193435"]]
  [1m[35m (2.4ms)[0m  commit transaction
  [1m[36mActiveRecord::SchemaMigration Load (0.2ms)[0m  [1mSELECT "schema_migrations".* FROM "schema_migrations"[0m
  [1m[36m (1.6ms)[0m  [1mCREATE TABLE "schema_migrations" ("version" varchar NOT NULL) [0m
  [1m[35m (0.2ms)[0m  select sqlite_version(*)
  [1m[36m (4.3ms)[0m  [1mCREATE UNIQUE INDEX "unique_schema_migrations" ON "schema_migrations" ("version")[0m
  [1m[35mActiveRecord::SchemaMigration Load (0.1ms)[0m  SELECT "schema_migrations".* FROM "schema_migrations"
Migrating to CreateTeachers (20160825190809)
  [1m[36m (0.1ms)[0m  [1mbegin transaction[0m
  [1m[35m (0.6ms)[0m  CREATE TABLE "teachers" ("id" INTEGER PRIMARY KEY AUTOINCREMENT NOT NULL, "first_name" varchar NOT NULL, "last_name" varchar NOT NULL, "username" varchar NOT NULL, "email" varchar NOT NULL, "password_digest" varchar NOT NULL, "photo_path" varchar, "phone_number" varchar NOT NULL, "created_at" datetime NOT NULL, "updated_at" datetime NOT NULL) 
  [1m[36mSQL (0.3ms)[0m  [1mINSERT INTO "schema_migrations" ("version") VALUES (?)[0m  [["version", "20160825190809"]]
  [1m[35m (1.3ms)[0m  commit transaction
Migrating to CreateClassrooms (20160825190900)
  [1m[36m (0.1ms)[0m  [1mbegin transaction[0m
  [1m[35m (0.6ms)[0m  CREATE TABLE "classrooms" ("id" INTEGER PRIMARY KEY AUTOINCREMENT NOT NULL, "name" varchar NOT NULL, "schoolyear" varchar NOT NULL, "docdrive_url" varchar, "created_at" datetime NOT NULL, "updated_at" datetime NOT NULL) 
  [1m[36mSQL (0.2ms)[0m  [1mINSERT INTO "schema_migrations" ("version") VALUES (?)[0m  [["version", "20160825190900"]]
  [1m[35m (1.4ms)[0m  commit transaction
Migrating to CreateStudents (20160825190908)
  [1m[36m (0.1ms)[0m  [1mbegin transaction[0m
  [1m[35m (0.8ms)[0m  CREATE TABLE "students" ("id" INTEGER PRIMARY KEY AUTOINCREMENT NOT NULL, "first_name" varchar NOT NULL, "last_name" varchar NOT NULL, "birthday" date, "classroom_id" integer, "created_at" datetime NOT NULL, "updated_at" datetime NOT NULL) 
  [1m[36mSQL (0.2ms)[0m  [1mINSERT INTO "schema_migrations" ("version") VALUES (?)[0m  [["version", "20160825190908"]]
  [1m[35m (1.4ms)[0m  commit transaction
Migrating to CreateSubjects (20160825190916)
  [1m[36m (0.1ms)[0m  [1mbegin transaction[0m
  [1m[35m (0.6ms)[0m  CREATE TABLE "subjects" ("id" INTEGER PRIMARY KEY AUTOINCREMENT NOT NULL, "name" varchar NOT NULL, "created_at" datetime NOT NULL, "updated_at" datetime NOT NULL) 
  [1m[36mSQL (0.2ms)[0m  [1mINSERT INTO "schema_migrations" ("version") VALUES (?)[0m  [["version", "20160825190916"]]
  [1m[35m (1.5ms)[0m  commit transaction
Migrating to CreateComponents (20160825190924)
  [1m[36m (0.1ms)[0m  [1mbegin transaction[0m
  [1m[35m (0.6ms)[0m  CREATE TABLE "components" ("id" INTEGER PRIMARY KEY AUTOINCREMENT NOT NULL, "name" varchar NOT NULL, "subject_id" integer NOT NULL, "student_id" integer NOT NULL, "checked" boolean DEFAULT 'f', "created_at" datetime NOT NULL, "updated_at" datetime NOT NULL) 
  [1m[36mSQL (0.3ms)[0m  [1mINSERT INTO "schema_migrations" ("version") VALUES (?)[0m  [["version", "20160825190924"]]
  [1m[35m (1.5ms)[0m  commit transaction
Migrating to CreateMessages (20160825190932)
  [1m[36m (0.1ms)[0m  [1mbegin transaction[0m
  [1m[35m (0.6ms)[0m  CREATE TABLE "messages" ("id" INTEGER PRIMARY KEY AUTOINCREMENT NOT NULL, "text" varchar NOT NULL, "photo_path" varchar, "messager_id" integer NOT NULL, "created_at" datetime NOT NULL, "updated_at" datetime NOT NULL) 
  [1m[36mSQL (0.2ms)[0m  [1mINSERT INTO "schema_migrations" ("version") VALUES (?)[0m  [["version", "20160825190932"]]
  [1m[35m (1.6ms)[0m  commit transaction
Migrating to CreateNotes (20160825190941)
  [1m[36m (0.1ms)[0m  [1mbegin transaction[0m
  [1m[35m (0.5ms)[0m  CREATE TABLE "notes" ("id" INTEGER PRIMARY KEY AUTOINCREMENT NOT NULL, "text" varchar NOT NULL, "student_id" integer NOT NULL, "noter_id" integer NOT NULL, "created_at" datetime NOT NULL, "updated_at" datetime NOT NULL) 
  [1m[36mSQL (0.2ms)[0m  [1mINSERT INTO "schema_migrations" ("version") VALUES (?)[0m  [["version", "20160825190941"]]
  [1m[35m (3.3ms)[0m  commit transaction
Migrating to CreateClassroomsTeachers (20160825191918)
  [1m[36m (0.1ms)[0m  [1mbegin transaction[0m
  [1m[35m (0.5ms)[0m  CREATE TABLE "classrooms_teachers" ("id" INTEGER PRIMARY KEY AUTOINCREMENT NOT NULL, "teacher_id" integer, "classroom_id" integer) 
  [1m[36mSQL (0.2ms)[0m  [1mINSERT INTO "schema_migrations" ("version") VALUES (?)[0m  [["version", "20160825191918"]]
  [1m[35m (1.4ms)[0m  commit transaction
Migrating to CreateSpecialNeeds (20160825193240)
  [1m[36m (0.1ms)[0m  [1mbegin transaction[0m
  [1m[35m (0.5ms)[0m  CREATE TABLE "special_needs" ("id" INTEGER PRIMARY KEY AUTOINCREMENT NOT NULL, "name" text NOT NULL, "created_at" datetime NOT NULL, "updated_at" datetime NOT NULL) 
  [1m[36mSQL (0.2ms)[0m  [1mINSERT INTO "schema_migrations" ("version") VALUES (?)[0m  [["version", "20160825193240"]]
  [1m[35m (20.3ms)[0m  commit transaction
Migrating to CreateStudentsSpecialNeeds (20160825193435)
  [1m[36mActiveRecord::SchemaMigration Load (0.2ms)[0m  [1mSELECT "schema_migrations".* FROM "schema_migrations"[0m
Migrating to CreateSpecialNeedsStudents (20160825193435)
  [1m[35m (0.1ms)[0m  begin transaction
  [1m[36m (0.8ms)[0m  [1mCREATE TABLE "special_needs_students" ("id" INTEGER PRIMARY KEY AUTOINCREMENT NOT NULL, "special_needs_id" integer, "student_id" integer) [0m
  [1m[35mSQL (0.3ms)[0m  INSERT INTO "schema_migrations" ("version") VALUES (?)  [["version", "20160825193435"]]
  [1m[36m (2.2ms)[0m  [1mcommit transaction[0m
  [1m[35mActiveRecord::SchemaMigration Load (0.2ms)[0m  SELECT "schema_migrations".* FROM "schema_migrations"
  [1m[36mTeacher Load (54.1ms)[0m  [1mSELECT "teachers".* FROM "teachers"[0m
  [1m[35mStudent Load (0.2ms)[0m  SELECT "students".* FROM "students"
  [1m[36m (0.2ms)[0m  [1mbegin transaction[0m
  [1m[35mSQL (1.0ms)[0m  INSERT INTO "classrooms" ("name", "schoolyear", "created_at", "updated_at") VALUES (?, ?, ?, ?)  [["name", "classroom1"], ["schoolyear", "2016-2017"], ["created_at", "2016-08-30 01:01:04.734659"], ["updated_at", "2016-08-30 01:01:04.734659"]]
  [1m[36m (191.8ms)[0m  [1mcommit transaction[0m
  [1m[35m (0.2ms)[0m  begin transaction
  [1m[36mSQL (1.8ms)[0m  [1mINSERT INTO "teachers" ("first_name", "last_name", "username", "email", "password_digest", "phone_number", "created_at", "updated_at") VALUES (?, ?, ?, ?, ?, ?, ?, ?)[0m  [["first_name", "Teacher"], ["last_name", "1"], ["username", "teacher1"], ["email", "teacher1@email.com"], ["password_digest", "$2a$10$47/IToUEYZylklZxS8CSl.7scKWrm4BO23aHoSZ30Y.sBO4NYeTRC"], ["phone_number", "555-555-5555"], ["created_at", "2016-08-30 01:01:33.639004"], ["updated_at", "2016-08-30 01:01:33.639004"]]
  [1m[35m (25.7ms)[0m  commit transaction
  [1m[36mClassroom Load (0.3ms)[0m  [1mSELECT "classrooms".* FROM "classrooms" INNER JOIN "classrooms_teachers" ON "classrooms"."id" = "classrooms_teachers"."classroom_id" WHERE "classrooms_teachers"."teacher_id" = ?[0m  [["teacher_id", 1]]
  [1m[35m (0.2ms)[0m  begin transaction
  [1m[36mSQL (0.5ms)[0m  [1mINSERT INTO "classrooms_teachers" ("teacher_id", "classroom_id") VALUES (?, ?)[0m  [["teacher_id", 1], ["classroom_id", 1]]
  [1m[35m (6.2ms)[0m  commit transaction
  [1m[36mTeacher Load (0.3ms)[0m  [1mSELECT "teachers".* FROM "teachers" INNER JOIN "classrooms_teachers" ON "teachers"."id" = "classrooms_teachers"."teacher_id" WHERE "classrooms_teachers"."classroom_id" = ?[0m  [["classroom_id", 1]]
